<?xml version="1.0" encoding="UTF-8"?>
<!-- Generated by org.testng.reporters.JUnitXMLReporter -->
<testsuite hostname="DESKTOP-T3EO6I8" ignored="0" name="hub spot regression Test" tests="3" failures="0" timestamp="24 Feb 2020 15:52:28 GMT" time="71.76" errors="0">
  <testcase name="loginPageTitleTest" time="4.071" classname="com.qa.hubspot.tests.LoginPageTest"/>
  <testcase name="signUpLinkTest" time="6.527" classname="com.qa.hubspot.tests.LoginPageTest"/>
  <testcase name="loginTest" time="9.788" classname="com.qa.hubspot.tests.LoginPageTest"/>
</testsuite> <!-- hub spot regression Test -->
