<?xml version="1.0" encoding="UTF-8"?>
<!-- Generated by org.testng.reporters.JUnitXMLReporter -->
<testsuite hostname="DESKTOP-T3EO6I8" ignored="0" name="hub spot regression Test-firefox" tests="3" failures="0" timestamp="24 Feb 2020 15:56:59 GMT" time="95.026" errors="0">
  <testcase name="loginPageTitleTest" time="4.378" classname="com.qa.hubspot.tests.LoginPageTest"/>
  <testcase name="signUpLinkTest" time="8.759" classname="com.qa.hubspot.tests.LoginPageTest"/>
  <testcase name="loginTest" time="9.508" classname="com.qa.hubspot.tests.LoginPageTest"/>
</testsuite> <!-- hub spot regression Test-firefox -->
